\BOOKMARK [0][-]{chapter.2}{\376\377\230\171\166\356\116\373\122\241}{}% 1
\BOOKMARK [0][-]{chapter.14}{\376\377\174\373\176\337\176\323\147\204\213\276\213\241}{}% 2
\BOOKMARK [0][-]{chapter.17}{\376\377\152\041\127\127\213\276\213\241}{}% 3
\BOOKMARK [1][-]{section.18}{\376\377\213\260\137\125\173\241\164\006\152\041\127\127}{chapter.17}% 4
\BOOKMARK [1][-]{section.24}{\376\377\174\373\176\337\173\241\164\006\152\041\127\127}{chapter.17}% 5
\BOOKMARK [1][-]{section.28}{\376\377\147\345\213\342\211\343\147\220\152\041\127\127}{chapter.17}% 6
\BOOKMARK [1][-]{section.33}{\376\377\213\355\123\345\211\343\147\220\152\041\127\127}{chapter.17}% 7
\BOOKMARK [1][-]{section.35}{\376\377\175\042\137\025\152\041\127\127}{chapter.17}% 8
\BOOKMARK [1][-]{section.42}{\376\377\142\151\134\125\122\237\200\375}{chapter.17}% 9
\BOOKMARK [2][-]{subsection.43}{\376\377\142\151\134\125\145\160\143\156\174\173\127\213}{section.42}% 10
\BOOKMARK [2][-]{subsection.44}{\376\377\127\337\133\214\145\164\140\047\176\246\147\137}{section.42}% 11
\BOOKMARK [2][-]{subsection.45}{\376\377\131\026\225\056\176\246\147\137}{section.42}% 12
\BOOKMARK [2][-]{subsection.46}{\376\377\152\041\174\312\123\071\221\115}{section.42}% 13
\BOOKMARK [2][-]{subsection.48}{\376\377\131\015\124\010\147\345\213\342\147\141\116\366}{section.42}% 14
\BOOKMARK [2][-]{subsection.49}{\376\377\116\011\116\052\210\150\116\345\116\012\166\204\217\336\143\245}{section.42}% 15
\BOOKMARK [2][-]{subsection.50}{\376\377\200\132\226\306\147\345\213\342}{section.42}% 16
\BOOKMARK [2][-]{subsection.51}{\376\377\126\376\137\142\165\050\142\067\165\114\227\142}{section.42}% 17
\BOOKMARK [0][-]{chapter.52}{\376\377\133\236\232\214\142\020\147\234}{}% 18
\BOOKMARK [1][-]{section.53}{\376\377\127\372\170\100\122\237\200\375}{chapter.52}% 19
\BOOKMARK [2][-]{subsection.54}{\376\377\147\345\213\342}{section.53}% 20
\BOOKMARK [2][-]{subsection.59}{\376\377\143\322\121\145}{section.53}% 21
\BOOKMARK [2][-]{subsection.61}{\376\377\122\040\226\144}{section.53}% 22
\BOOKMARK [2][-]{subsection.63}{\376\377\146\364\145\260}{section.53}% 23
\BOOKMARK [1][-]{section.65}{\376\377\142\151\134\125\122\237\200\375}{chapter.52}% 24
\BOOKMARK [2][-]{subsection.66}{\376\377\127\337\133\214\145\164\140\047\176\246\147\137}{section.65}% 25
\BOOKMARK [2][-]{subsection.68}{\376\377\131\026\225\056\176\246\147\137}{section.65}% 26
\BOOKMARK [2][-]{subsection.70}{\376\377\131\032\210\150\217\336\143\245}{section.65}% 27
\BOOKMARK [2][-]{subsection.72}{\376\377\152\041\174\312\123\071\221\115}{section.65}% 28
\BOOKMARK [2][-]{subsection.74}{\376\377\200\132\226\306\147\345\213\342}{section.65}% 29
\BOOKMARK [0][-]{chapter.76}{\376\377\134\017\176\304\122\006\135\345}{}% 30
\BOOKMARK [0][-]{chapter.77}{\376\377\133\236\232\214\140\073\176\323}{}% 31
